2023-06-12T12:22:56.420Z info: Starting the progarm
2023-06-12T12:22:58.088Z info: Connected to MongoDB successfully
2023-06-12T19:49:34.698Z info: Starting the progarm
2023-06-12T19:49:36.469Z info: Connected to MongoDB successfully
2023-06-12T19:50:03.452Z info: Request from IP: ::1
2023-06-12T19:50:03.455Z info: get regions called
2023-06-12T19:50:03.486Z info: Request from IP: ::1
2023-06-12T19:50:03.487Z info: run code called
2023-06-12T19:50:03.520Z info: Request from IP: ::1
2023-06-12T19:50:03.521Z info: run code called
2023-06-12T19:50:03.525Z info: Request from IP: ::1
2023-06-12T19:50:03.525Z info: run code called
2023-06-12T19:50:03.529Z info: Request from IP: ::1
2023-06-12T19:50:03.530Z info: run code called
2023-06-12T19:50:03.534Z info: Request from IP: ::1
2023-06-12T19:50:03.535Z info: run code called
2023-06-12T19:51:28.916Z info: Starting the progarm
2023-06-12T19:51:30.538Z info: Connected to MongoDB successfully
2023-06-12T19:51:31.580Z info: Starting the progarm
2023-06-12T19:51:33.148Z info: Connected to MongoDB successfully
2023-06-12T19:55:22.689Z info: Starting the progarm
2023-06-12T19:55:24.339Z info: Connected to MongoDB successfully
2023-06-12T19:55:32.726Z info: Request from IP: ::1
2023-06-12T19:55:32.727Z info: get regions called
2023-06-12T19:55:32.768Z info: Request from IP: ::1
2023-06-12T19:55:32.769Z info: run code called
2023-06-12T19:55:32.780Z info: Request from IP: ::1
2023-06-12T19:55:32.780Z info: run code called
2023-06-12T19:55:32.786Z info: Request from IP: ::1
2023-06-12T19:55:32.786Z info: run code called
2023-06-12T19:55:32.792Z info: Request from IP: ::1
2023-06-12T19:55:32.792Z info: run code called
2023-06-12T19:55:32.798Z info: Request from IP: ::1
2023-06-12T19:55:32.799Z info: run code called
2023-06-12T19:57:01.678Z info: Starting the progarm
2023-06-12T19:57:03.393Z info: Connected to MongoDB successfully
2023-06-12T19:57:07.154Z info: Starting the progarm
2023-06-12T19:57:08.728Z info: Connected to MongoDB successfully
2023-06-12T19:57:11.646Z info: Starting the progarm
2023-06-12T19:57:13.239Z info: Connected to MongoDB successfully
2023-06-12T19:57:48.012Z info: Starting the progarm
2023-06-12T19:57:49.556Z info: Connected to MongoDB successfully
2023-06-12T19:57:54.428Z info: Starting the progarm
2023-06-12T19:57:56.006Z info: Connected to MongoDB successfully
2023-06-12T19:58:00.343Z info: Starting the progarm
2023-06-12T19:58:01.942Z info: Connected to MongoDB successfully
2023-06-12T19:58:54.501Z info: Starting the progarm
2023-06-12T19:58:56.020Z info: Connected to MongoDB successfully
2023-06-12T19:59:04.410Z info: Starting the progarm
2023-06-12T19:59:05.979Z info: Connected to MongoDB successfully
2023-06-12T19:59:06.826Z info: Request from IP: ::1
2023-06-12T19:59:06.828Z info: get regions called
2023-06-12T19:59:06.865Z info: Request from IP: ::1
2023-06-12T19:59:06.867Z info: run code called
2023-06-12T19:59:06.872Z info: Request from IP: ::1
2023-06-12T19:59:06.873Z info: run code called
2023-06-12T19:59:06.880Z info: Request from IP: ::1
2023-06-12T19:59:06.881Z info: run code called
2023-06-12T19:59:06.899Z info: Request from IP: ::1
2023-06-12T19:59:06.900Z info: run code called
2023-06-12T20:00:20.394Z info: Starting the progarm
2023-06-12T20:00:22.073Z info: Starting the progarm
2023-06-12T20:00:23.673Z info: Connected to MongoDB successfully
2023-06-12T20:00:30.413Z info: Starting the progarm
2023-06-12T20:00:32.409Z info: Connected to MongoDB successfully
2023-06-12T20:00:35.101Z info: Request from IP: ::1
2023-06-12T20:00:35.105Z info: run code called
2023-06-12T20:00:35.114Z info: Request from IP: ::1
2023-06-12T20:00:35.115Z info: run code called
2023-06-12T20:00:35.122Z info: Request from IP: ::1
2023-06-12T20:00:35.123Z info: get regions called
2023-06-12T20:00:35.137Z info: Request from IP: ::1
2023-06-12T20:00:35.138Z info: run code called
2023-06-12T20:00:35.145Z info: Request from IP: ::1
2023-06-12T20:00:35.146Z info: run code called
2023-06-12T20:00:35.158Z info: Request from IP: ::1
2023-06-12T20:00:35.159Z info: run code called
2023-06-12T20:00:35.194Z info: Request from IP: ::1
2023-06-12T20:00:35.195Z info: run code called
2023-06-12T20:00:35.203Z info: Request from IP: ::1
2023-06-12T20:00:35.203Z info: run code called
2023-06-12T20:00:35.210Z info: Request from IP: ::1
2023-06-12T20:00:35.211Z info: run code called
2023-06-12T20:00:35.287Z info: Regions return successfully
2023-06-12T20:00:35.290Z info: Request from IP: ::1
2023-06-12T20:00:35.292Z info: get regions called
2023-06-12T20:00:35.441Z info: Regions return successfully
2023-06-12T20:02:10.308Z info: Starting the progarm
2023-06-12T20:02:11.862Z info: Connected to MongoDB successfully
2023-06-12T20:02:22.954Z info: Request from IP: ::1
2023-06-12T20:02:22.956Z info: run code called
2023-06-12T20:02:22.963Z info: Request from IP: ::1
2023-06-12T20:02:22.965Z info: get regions called
2023-06-12T20:02:22.991Z info: Request from IP: ::1
2023-06-12T20:02:22.992Z info: run code called
2023-06-12T20:02:23.000Z info: Request from IP: ::1
2023-06-12T20:02:23.001Z info: run code called
2023-06-12T20:02:23.007Z info: Request from IP: ::1
2023-06-12T20:02:23.008Z info: run code called
2023-06-12T20:02:23.014Z info: Request from IP: ::1
2023-06-12T20:02:23.015Z info: run code called
2023-06-12T20:02:23.035Z info: Request from IP: ::1
2023-06-12T20:02:23.037Z info: run code called
2023-06-12T20:02:23.044Z info: Request from IP: ::1
2023-06-12T20:02:23.045Z info: run code called
2023-06-12T20:02:23.052Z info: Request from IP: ::1
2023-06-12T20:02:23.052Z info: run code called
2023-06-12T20:02:23.140Z info: Regions return successfully
2023-06-12T20:02:23.143Z info: Request from IP: ::1
2023-06-12T20:02:23.144Z info: get regions called
2023-06-12T20:02:23.293Z info: Regions return successfully
2023-06-12T20:03:16.180Z info: Starting the progarm
2023-06-12T20:03:17.518Z info: Starting the progarm
2023-06-12T20:03:19.298Z info: Connected to MongoDB successfully
2023-06-12T20:03:22.634Z info: Starting the progarm
2023-06-12T20:03:24.231Z info: Connected to MongoDB successfully
2023-06-12T20:03:45.130Z info: Request from IP: ::1
2023-06-12T20:03:45.133Z info: run code called
2023-06-12T20:03:45.147Z info: Request from IP: ::1
2023-06-12T20:03:45.150Z info: get regions called
2023-06-12T20:03:45.169Z info: Request from IP: ::1
2023-06-12T20:03:45.170Z info: run code called
2023-06-12T20:03:45.182Z info: Request from IP: ::1
2023-06-12T20:03:45.183Z info: run code called
2023-06-12T20:03:45.195Z info: Request from IP: ::1
2023-06-12T20:03:45.196Z info: run code called
2023-06-12T20:03:45.203Z info: Request from IP: ::1
2023-06-12T20:03:45.203Z info: run code called
2023-06-12T20:03:45.223Z info: Request from IP: ::1
2023-06-12T20:03:45.224Z info: run code called
2023-06-12T20:03:45.232Z info: Request from IP: ::1
2023-06-12T20:03:45.232Z info: run code called
2023-06-12T20:03:45.238Z info: Request from IP: ::1
2023-06-12T20:03:45.239Z info: run code called
2023-06-12T20:03:45.318Z info: Regions return successfully
2023-06-12T20:03:45.321Z info: Request from IP: ::1
2023-06-12T20:03:45.322Z info: get regions called
2023-06-12T20:03:45.473Z info: Regions return successfully
2023-06-12T20:04:09.887Z info: Starting the progarm
2023-06-12T20:04:11.416Z info: Connected to MongoDB successfully
2023-06-12T20:09:02.449Z info: Starting the progarm
2023-06-12T20:09:04.329Z info: Starting the progarm
2023-06-12T20:09:05.885Z info: Connected to MongoDB successfully
2023-06-12T20:10:13.279Z info: Starting the progarm
2023-06-12T20:10:14.840Z info: Connected to MongoDB successfully
2023-06-12T20:10:46.623Z info: Request from IP: ::1
2023-06-12T20:16:21.169Z info: Starting the progarm
2023-06-12T20:16:22.765Z info: Connected to MongoDB successfully
2023-06-12T20:16:33.334Z info: Request from IP: ::1
2023-06-12T20:16:33.359Z info: run code called
2023-06-12T20:16:33.370Z info: Request from IP: ::1
2023-06-12T20:16:33.372Z info: run code called
2023-06-12T20:16:33.380Z info: Request from IP: ::1
2023-06-12T20:16:33.382Z info: run code called
2023-06-12T20:16:33.387Z info: Request from IP: ::1
2023-06-12T20:16:33.387Z info: get regions called
2023-06-12T20:16:33.413Z info: Request from IP: ::1
2023-06-12T20:16:33.416Z info: run code called
2023-06-12T20:16:33.423Z info: Request from IP: ::1
2023-06-12T20:16:33.428Z info: run code called
2023-06-12T20:17:34.378Z info: Starting the progarm
2023-06-12T20:17:35.945Z info: Connected to MongoDB successfully
2023-06-12T20:17:53.853Z info: Request from IP: ::1
2023-06-12T20:17:53.857Z info: run code called
2023-06-12T20:17:53.865Z info: Request from IP: ::1
2023-06-12T20:17:53.868Z info: run code called
2023-06-12T20:17:53.874Z info: Request from IP: ::1
2023-06-12T20:17:53.878Z info: run code called
2023-06-12T20:17:53.885Z info: Request from IP: ::1
2023-06-12T20:17:53.889Z info: run code called
2023-06-12T20:17:53.900Z info: Request from IP: ::1
2023-06-12T20:17:53.903Z info: run code called
2023-06-12T20:17:53.912Z info: Request from IP: ::1
2023-06-12T20:17:53.916Z info: run code called
2023-06-12T20:23:19.366Z info: Starting the progarm
2023-06-12T20:23:20.918Z info: Connected to MongoDB successfully
2023-06-12T20:23:30.332Z info: Request from IP: ::1
2023-06-12T20:23:30.335Z info: get regions called
2023-06-12T20:23:30.370Z info: Request from IP: ::1
2023-06-12T20:23:30.376Z info: run code called
2023-06-12T20:23:30.384Z info: Request from IP: ::1
2023-06-12T20:23:30.390Z info: run code called
2023-06-12T20:23:30.408Z info: Request from IP: ::1
2023-06-12T20:23:30.410Z info: run code called
2023-06-12T20:23:30.417Z info: Request from IP: ::1
2023-06-12T20:23:30.420Z info: run code called
2023-06-12T20:23:30.427Z info: Request from IP: ::1
2023-06-12T20:23:30.430Z info: run code called
2023-06-12T20:29:01.366Z info: Starting the progarm
2023-06-12T20:29:02.951Z info: Connected to MongoDB successfully
2023-06-12T20:36:38.465Z info: Starting the progarm
2023-06-12T20:36:40.020Z info: Connected to MongoDB successfully
2023-06-12T20:36:50.332Z info: Request from IP: ::1
2023-06-12T20:36:50.334Z info: get regions called
2023-06-12T20:36:50.387Z info: Request from IP: ::1
2023-06-12T20:36:50.393Z info: run code called
2023-06-12T20:36:50.410Z info: Request from IP: ::1
2023-06-12T20:36:50.414Z info: run code called
2023-06-12T20:36:50.433Z info: Request from IP: ::1
2023-06-12T20:36:50.435Z info: run code called
2023-06-12T20:36:50.450Z info: Request from IP: ::1
2023-06-12T20:36:50.452Z info: run code called
2023-06-12T20:36:50.470Z info: Request from IP: ::1
2023-06-12T20:36:50.476Z info: run code called
2023-06-12T20:36:50.511Z info: Regions return successfully
2023-06-12T20:36:50.520Z info: Request from IP: ::1
2023-06-12T20:36:50.522Z info: run code called
2023-06-12T20:37:13.066Z info: run code return output
2023-06-12T20:37:13.076Z info: Request from IP: ::1
2023-06-12T20:37:13.081Z info: run code called
2023-06-12T20:37:13.118Z info: run code return output
2023-06-12T20:37:13.242Z info: run code return output
2023-06-12T20:37:13.293Z info: run code return output
2023-06-12T20:37:13.372Z info: run code return output
2023-06-12T20:37:13.442Z info: Request from IP: ::1
2023-06-12T20:37:13.443Z info: run code called
2023-06-12T20:37:13.453Z info: Request from IP: ::1
2023-06-12T20:37:13.454Z info: get regions called
2023-06-12T20:37:13.462Z info: run code return output
2023-06-12T20:37:13.605Z info: Regions return successfully
2023-06-12T20:37:24.254Z info: run code return output
2023-06-12T20:37:24.331Z info: run code return output
2023-06-12T20:37:31.006Z info: Request from IP: ::1
2023-06-12T20:37:31.008Z info: run code called
2023-06-12T20:37:31.035Z info: Request from IP: ::1
2023-06-12T20:37:31.037Z info: get regions called
2023-06-12T20:37:31.050Z info: Request from IP: ::1
2023-06-12T20:37:31.057Z info: run code called
2023-06-12T20:37:31.083Z info: Request from IP: ::1
2023-06-12T20:37:31.086Z info: run code called
2023-06-12T20:37:31.104Z info: Request from IP: ::1
2023-06-12T20:37:31.111Z info: run code called
2023-06-12T20:37:31.134Z info: Request from IP: ::1
2023-06-12T20:37:31.136Z info: run code called
2023-06-12T20:37:31.195Z info: Regions return successfully
2023-06-12T20:37:31.199Z info: Request from IP: ::1
2023-06-12T20:37:31.200Z info: run code called
2023-06-12T20:38:11.667Z info: run code return output
2023-06-12T20:38:11.674Z info: Request from IP: ::1
2023-06-12T20:38:11.676Z info: run code called
2023-06-12T20:38:12.927Z info: run code return output
2023-06-12T20:38:12.931Z info: Request from IP: ::1
2023-06-12T20:38:12.939Z info: run code called
2023-06-12T20:38:13.561Z info: run code return output
2023-06-12T20:38:13.568Z info: Request from IP: ::1
2023-06-12T20:38:13.568Z info: get regions called
2023-06-12T20:38:13.610Z info: run code return output
2023-06-12T20:38:13.673Z info: run code return output
2023-06-12T20:38:13.689Z info: run code return output
2023-06-12T20:38:13.725Z info: Regions return successfully
2023-06-12T20:38:36.332Z info: run code return output
2023-06-12T20:38:36.348Z info: run code return output
2023-06-12T20:42:52.391Z info: Starting the progarm
2023-06-12T20:42:54.145Z info: Connected to MongoDB successfully
2023-06-12T20:43:01.610Z info: Request from IP: ::1
2023-06-12T20:43:01.612Z info: get regions called
2023-06-12T20:43:01.652Z info: Request from IP: ::1
2023-06-12T20:43:01.657Z info: run code called
2023-06-12T20:43:01.668Z info: Request from IP: ::1
2023-06-12T20:43:01.670Z info: run code called
2023-06-12T20:43:01.678Z info: Request from IP: ::1
2023-06-12T20:43:01.681Z info: run code called
2023-06-12T20:43:01.693Z info: Request from IP: ::1
2023-06-12T20:43:01.695Z info: run code called
2023-06-12T20:43:01.708Z info: Request from IP: ::1
2023-06-12T20:43:01.711Z info: run code called
2023-06-12T20:43:01.782Z info: Regions return successfully
2023-06-12T20:43:01.789Z info: Request from IP: ::1
2023-06-12T20:43:01.791Z info: run code called
2023-06-12T20:43:24.972Z info: run code return output
2023-06-12T20:43:24.979Z info: Request from IP: ::1
2023-06-12T20:43:24.981Z info: run code called
2023-06-12T20:43:25.000Z info: run code return output
2023-06-12T20:43:25.004Z info: Request from IP: ::1
2023-06-12T20:43:25.006Z info: run code called
2023-06-12T20:43:25.084Z info: run code return output
2023-06-12T20:43:25.096Z info: Request from IP: ::1
2023-06-12T20:43:25.099Z info: get regions called
2023-06-12T20:43:25.121Z info: run code return output
2023-06-12T20:43:25.125Z info: run code return output
2023-06-12T20:43:25.253Z info: Regions return successfully
2023-06-12T20:43:25.447Z info: run code return output
2023-06-12T20:43:36.709Z info: run code return output
2023-06-12T20:43:36.736Z info: run code return output
2023-06-12T20:44:26.933Z info: Request from IP: ::1
2023-06-12T20:44:26.935Z info: run code called
2023-06-12T20:44:26.946Z info: Request from IP: ::1
2023-06-12T20:44:26.947Z info: get regions called
2023-06-12T20:44:26.951Z info: Request from IP: ::1
2023-06-12T20:44:26.952Z info: run code called
2023-06-12T20:44:26.964Z info: Request from IP: ::1
2023-06-12T20:44:26.966Z info: run code called
2023-06-12T20:44:26.984Z info: Request from IP: ::1
2023-06-12T20:44:26.986Z info: run code called
2023-06-12T20:44:27.008Z info: Request from IP: ::1
2023-06-12T20:44:27.012Z info: run code called
2023-06-12T20:44:27.099Z info: Regions return successfully
2023-06-12T20:44:27.102Z info: Request from IP: ::1
2023-06-12T20:44:27.104Z info: run code called
2023-06-12T20:44:39.578Z info: run code return output
2023-06-12T20:44:39.583Z info: Request from IP: ::1
2023-06-12T20:44:39.585Z info: run code called
2023-06-12T20:44:39.598Z info: run code return output
2023-06-12T20:44:39.600Z info: run code return output
2023-06-12T20:44:39.605Z info: Request from IP: ::1
2023-06-12T20:44:39.607Z info: run code called
2023-06-12T20:44:39.619Z info: Request from IP: ::1
2023-06-12T20:44:39.620Z info: get regions called
2023-06-12T20:44:39.771Z info: Regions return successfully
2023-06-12T20:44:40.126Z info: run code return output
2023-06-12T20:44:40.177Z info: run code return output
2023-06-12T20:44:40.309Z info: run code return output
2023-06-12T20:44:50.081Z info: run code return output
2023-06-12T20:44:50.107Z info: run code return output
2023-06-12T20:45:44.713Z info: Request from IP: ::1
2023-06-12T20:45:44.715Z info: get inst by region called
2023-06-12T20:45:44.886Z info: Retrieving instructors successfully
2023-06-12T20:45:46.361Z info: Request from IP: ::1
2023-06-12T20:45:46.362Z info: get inst by region called
2023-06-12T20:45:46.512Z info: Retrieving instructors successfully
2023-06-12T20:45:54.609Z info: Request from IP: ::1
2023-06-12T20:45:54.610Z info: get inst by region called
2023-06-12T20:45:54.916Z info: Retrieving instructors successfully
2023-06-12T20:45:59.146Z info: Request from IP: ::1
2023-06-12T20:45:59.147Z info: add student called
2023-06-12T20:45:59.488Z info: Student added successfully
2023-06-12T20:53:49.546Z info: Starting the progarm
2023-06-12T20:53:51.091Z info: Connected to MongoDB successfully
2023-06-12T20:53:54.768Z info: Request from IP: ::1
2023-06-12T20:53:54.771Z info: get regions called
2023-06-12T20:53:54.809Z info: Request from IP: ::1
2023-06-12T20:53:54.813Z info: run code called
2023-06-12T20:53:54.826Z info: Request from IP: ::1
2023-06-12T20:53:54.828Z info: run code called
2023-06-12T20:53:54.855Z info: Request from IP: ::1
2023-06-12T20:53:54.859Z info: run code called
2023-06-12T20:53:54.868Z info: Request from IP: ::1
2023-06-12T20:53:54.870Z info: run code called
2023-06-12T20:53:54.883Z info: Request from IP: ::1
2023-06-12T20:53:54.886Z info: run code called
2023-06-12T20:53:54.938Z info: Regions return successfully
2023-06-12T20:53:54.945Z info: Request from IP: ::1
2023-06-12T20:53:54.947Z info: run code called
2023-06-12T20:54:08.598Z info: run code return output
2023-06-12T20:54:08.605Z info: Request from IP: ::1
2023-06-12T20:54:08.607Z info: run code called
2023-06-12T20:54:08.621Z info: run code return output
2023-06-12T20:54:08.626Z info: Request from IP: ::1
2023-06-12T20:54:08.627Z info: run code called
2023-06-12T20:54:08.751Z info: run code return output
2023-06-12T20:54:08.755Z info: Request from IP: ::1
2023-06-12T20:54:08.756Z info: get regions called
2023-06-12T20:54:08.876Z info: run code return output
2023-06-12T20:54:08.905Z info: Regions return successfully
2023-06-12T20:54:09.014Z info: run code return output
2023-06-12T20:54:09.135Z info: run code return output
2023-06-12T20:54:11.723Z info: run code return output
2023-06-12T20:54:11.830Z info: run code return output
2023-06-12T20:54:19.720Z info: Request from IP: ::1
2023-06-12T20:54:19.721Z info: get regions called
2023-06-12T20:54:19.726Z info: Request from IP: ::1
2023-06-12T20:54:19.728Z info: run code called
2023-06-12T20:54:19.741Z info: Request from IP: ::1
2023-06-12T20:54:19.743Z info: run code called
2023-06-12T20:54:19.757Z info: Request from IP: ::1
2023-06-12T20:54:19.758Z info: run code called
2023-06-12T20:54:19.789Z info: Request from IP: ::1
2023-06-12T20:54:19.791Z info: run code called
2023-06-12T20:54:19.808Z info: Request from IP: ::1
2023-06-12T20:54:19.813Z info: run code called
2023-06-12T20:54:19.872Z info: Regions return successfully
2023-06-12T20:54:19.875Z info: Request from IP: ::1
2023-06-12T20:54:19.877Z info: run code called
2023-06-12T20:54:23.833Z info: run code return output
2023-06-12T20:54:23.839Z info: Request from IP: ::1
2023-06-12T20:54:23.841Z info: run code called
2023-06-12T20:54:24.043Z info: run code return output
2023-06-12T20:54:24.047Z info: Request from IP: ::1
2023-06-12T20:54:24.049Z info: run code called
2023-06-12T20:54:24.959Z info: run code return output
2023-06-12T20:54:24.962Z info: Request from IP: ::1
2023-06-12T20:54:24.962Z info: get regions called
2023-06-12T20:54:25.108Z info: Regions return successfully
2023-06-12T20:54:25.166Z info: run code return output
2023-06-12T20:54:25.303Z info: run code return output
2023-06-12T20:54:25.429Z info: run code return output
2023-06-12T20:54:27.004Z info: run code return output
2023-06-12T20:54:27.158Z info: run code return output
2023-06-12T20:56:43.168Z info: Starting the progarm
2023-06-12T20:56:44.823Z info: Connected to MongoDB successfully
2023-06-12T20:56:49.967Z info: Request from IP: ::1
2023-06-12T20:56:49.969Z info: get regions called
2023-06-12T20:56:50.013Z info: Request from IP: ::1
2023-06-12T20:56:50.019Z info: run code called
2023-06-12T20:56:50.045Z info: Request from IP: ::1
2023-06-12T20:56:50.050Z info: run code called
2023-06-12T20:56:50.080Z info: Request from IP: ::1
2023-06-12T20:56:50.084Z info: run code called
2023-06-12T20:56:50.103Z info: Request from IP: ::1
2023-06-12T20:56:50.106Z info: run code called
2023-06-12T20:56:50.119Z info: Request from IP: ::1
2023-06-12T20:56:50.122Z info: run code called
2023-06-12T20:56:50.144Z info: Regions return successfully
2023-06-12T20:56:50.149Z info: Request from IP: ::1
2023-06-12T20:56:50.151Z info: run code called
2023-06-12T20:56:52.922Z info: run code return output
2023-06-12T20:56:52.930Z info: Request from IP: ::1
2023-06-12T20:56:52.932Z info: run code called
2023-06-12T20:56:53.041Z info: run code return output
2023-06-12T20:56:53.045Z info: Request from IP: ::1
2023-06-12T20:56:53.047Z info: run code called
2023-06-12T20:56:53.655Z info: run code return output
2023-06-12T20:56:53.658Z info: Request from IP: ::1
2023-06-12T20:56:53.659Z info: get regions called
2023-06-12T20:56:53.763Z info: run code return output
2023-06-12T20:56:53.810Z info: Regions return successfully
2023-06-12T20:56:53.934Z info: run code return output
2023-06-12T20:56:54.120Z info: run code return output
2023-06-12T20:56:55.418Z info: run code return output
2023-06-12T20:56:55.605Z info: run code return output
2023-06-12T20:57:01.659Z info: Request from IP: ::1
2023-06-12T20:57:01.660Z info: get regions called
2023-06-12T20:57:01.666Z info: Request from IP: ::1
2023-06-12T20:57:01.667Z info: run code called
2023-06-12T20:57:01.678Z info: Request from IP: ::1
2023-06-12T20:57:01.680Z info: run code called
2023-06-12T20:57:01.692Z info: Request from IP: ::1
2023-06-12T20:57:01.694Z info: run code called
2023-06-12T20:57:01.705Z info: Request from IP: ::1
2023-06-12T20:57:01.706Z info: run code called
2023-06-12T20:57:01.719Z info: Request from IP: ::1
2023-06-12T20:57:01.721Z info: run code called
2023-06-12T20:57:01.810Z info: Regions return successfully
2023-06-12T20:57:01.816Z info: Request from IP: ::1
2023-06-12T20:57:01.818Z info: run code called
2023-06-12T20:57:04.519Z info: run code return output
2023-06-12T20:57:04.524Z info: Request from IP: ::1
2023-06-12T20:57:04.526Z info: run code called
2023-06-12T20:57:04.546Z info: run code return output
2023-06-12T20:57:04.550Z info: Request from IP: ::1
2023-06-12T20:57:04.551Z info: run code called
2023-06-12T20:57:04.711Z info: run code return output
2023-06-12T20:57:04.714Z info: Request from IP: ::1
2023-06-12T20:57:04.715Z info: get regions called
2023-06-12T20:57:04.866Z info: Regions return successfully
2023-06-12T20:57:04.997Z info: run code return output
2023-06-12T20:57:05.265Z info: run code return output
2023-06-12T20:57:05.427Z info: run code return output
2023-06-12T20:57:06.967Z info: run code return output
2023-06-12T20:57:07.064Z info: run code return output
2023-06-12T20:57:53.929Z info: Starting the progarm
2023-06-12T20:57:55.501Z info: Connected to MongoDB successfully
