2023-06-12T21:16:33.355Z error: Docker build failed
2023-06-12T21:16:33.358Z error: Docker build failed
2023-06-12T21:17:32.092Z error: Docker build failed
2023-06-12T21:17:32.095Z error: Docker build failed
2023-06-12T21:17:32.097Z error: Docker build failed
2023-06-12T21:17:32.149Z error: Docker build failed
2023-06-12T21:17:32.152Z error: Docker build failed
2023-06-12T21:17:32.153Z error: Docker build failed
2023-06-12T21:17:32.936Z error: Docker build failed
2023-06-12T21:17:32.954Z error: Docker build failed
2023-06-12T21:17:39.262Z error: Docker build failed
2023-06-12T21:17:39.361Z error: Docker build failed
2023-06-12T21:17:39.381Z error: Docker build failed
2023-06-12T21:17:39.437Z error: Docker build failed
2023-06-12T21:17:39.512Z error: Docker build failed
2023-06-12T21:17:39.591Z error: Docker build failed
2023-06-12T21:17:40.139Z error: Docker build failed
2023-06-12T21:17:40.200Z error: Docker build failed
2023-06-12T21:18:04.469Z error: Docker build failed
2023-06-12T21:18:04.471Z error: Docker build failed
2023-06-12T21:18:04.508Z error: Docker build failed
2023-06-12T21:18:04.520Z error: Docker build failed
2023-06-12T21:18:04.551Z error: Docker build failed
2023-06-12T21:18:04.630Z error: Docker build failed
2023-06-12T21:18:05.251Z error: Docker build failed
2023-06-12T21:18:05.269Z error: Docker build failed
2023-06-12T21:33:21.707Z error: Docker build failed
2023-06-12T21:33:21.711Z error: Docker build failed
2023-06-12T21:33:21.751Z error: Docker build failed
2023-06-12T21:33:21.764Z error: Docker build failed
2023-06-12T21:33:21.767Z error: Docker build failed
2023-06-12T21:33:21.769Z error: Docker build failed
2023-06-12T21:33:22.621Z error: Docker build failed
2023-06-12T21:33:22.656Z error: Docker build failed
2023-06-12T21:37:30.618Z error: Docker build failed
2023-06-12T21:37:30.688Z error: Docker build failed
2023-06-12T21:37:30.773Z error: Docker build failed
2023-06-12T21:37:30.782Z error: Docker build failed
2023-06-12T21:37:30.786Z error: Docker build failed
2023-06-12T21:37:30.794Z error: Docker build failed
2023-06-12T21:37:31.611Z error: Docker build failed
2023-06-12T21:37:31.646Z error: Docker build failed
2023-06-12T21:37:39.670Z error: Error adding student
2023-06-12T21:38:50.779Z error: Docker build failed
2023-06-12T21:38:50.799Z error: Docker build failed
2023-06-12T21:38:50.846Z error: Docker build failed
2023-06-12T21:38:50.854Z error: Docker build failed
2023-06-12T21:38:50.858Z error: Docker build failed
2023-06-12T21:38:50.862Z error: Docker build failed
2023-06-12T21:38:51.502Z error: Docker build failed
2023-06-12T21:38:51.519Z error: Docker build failed
2023-06-12T21:38:57.725Z error: undefined
2023-06-12T21:40:58.988Z error: Docker build failed
2023-06-12T21:40:59.009Z error: Docker build failed
2023-06-12T21:40:59.028Z error: Docker build failed
2023-06-12T21:40:59.048Z error: Docker build failed
2023-06-12T21:40:59.054Z error: Docker build failed
2023-06-12T21:40:59.104Z error: Docker build failed
2023-06-12T21:41:00.062Z error: Docker build failed
2023-06-12T21:41:00.081Z error: Docker build failed
2023-06-12T21:41:03.943Z error: undefined
2023-06-12T21:42:07.822Z error: Docker build failed
2023-06-12T21:42:07.865Z error: Docker build failed
2023-06-12T21:42:07.923Z error: Docker build failed
2023-06-12T21:42:08.022Z error: Docker build failed
2023-06-12T21:42:08.028Z error: Docker build failed
2023-06-12T21:42:08.030Z error: Docker build failed
2023-06-12T21:42:09.297Z error: Docker build failed
2023-06-12T21:42:09.329Z error: Docker build failed
2023-06-12T21:44:07.005Z error: Docker build failed
2023-06-12T21:44:07.031Z error: Docker build failed
2023-06-12T21:44:07.046Z error: Docker build failed
2023-06-12T21:44:07.052Z error: Docker build failed
2023-06-12T21:44:07.066Z error: Docker build failed
2023-06-12T21:44:07.068Z error: Docker build failed
2023-06-12T21:44:07.576Z error: Docker build failed
2023-06-12T21:44:07.590Z error: Docker build failed
2023-06-12T21:44:10.756Z error: Docker build failed
2023-06-12T21:44:10.777Z error: Docker build failed
2023-06-12T21:44:10.793Z error: Docker build failed
2023-06-12T21:44:10.814Z error: Docker build failed
2023-06-12T21:44:10.827Z error: Docker build failed
2023-06-12T21:44:10.881Z error: Docker build failed
2023-06-12T21:44:11.301Z error: Docker build failed
2023-06-12T21:44:11.317Z error: Docker build failed
2023-06-12T21:44:22.550Z error: undefined
2023-06-12T21:44:40.698Z error: Docker build failed
2023-06-12T21:44:40.724Z error: Docker build failed
2023-06-12T21:44:40.755Z error: Docker build failed
2023-06-12T21:44:40.772Z error: Docker build failed
2023-06-12T21:44:40.773Z error: Docker build failed
2023-06-12T21:44:40.852Z error: Docker build failed
2023-06-12T21:44:41.255Z error: Docker build failed
2023-06-12T21:44:41.273Z error: Docker build failed
2023-06-12T21:49:51.089Z error: Docker build failed
2023-06-12T21:49:51.131Z error: Docker build failed
2023-06-12T21:49:51.150Z error: Docker build failed
2023-06-12T21:49:51.162Z error: Docker build failed
2023-06-12T21:49:51.168Z error: Docker build failed
2023-06-12T21:49:51.176Z error: Docker build failed
2023-06-12T21:49:51.657Z error: Docker build failed
2023-06-12T21:49:51.671Z error: Docker build failed
2023-06-12T21:50:33.439Z error: Docker build failed
2023-06-12T21:50:33.500Z error: Docker build failed
2023-06-12T21:50:33.523Z error: Docker build failed
2023-06-12T21:50:33.546Z error: Docker build failed
2023-06-12T21:50:33.550Z error: Docker build failed
2023-06-12T21:50:33.778Z error: Docker build failed
2023-06-12T21:50:34.077Z error: Docker build failed
2023-06-12T21:50:34.137Z error: Docker build failed
2023-06-12T21:50:43.775Z error: ReferenceError: Instructor is not defined
    at exports.addStudent (C:\Users\hagbi\Desktop\suduku\new\back\controllers\student.controllers\add.js:23:7)
    at process.processTicksAndRejections (node:internal/process/task_queues:95:5)
2023-06-13T13:45:28.844Z error: ReferenceError: Instructor is not defined
    at exports.addStudent (C:\Users\hagbi\Desktop\suduku\new\back\controllers\student.controllers\add.js:23:7)
    at process.processTicksAndRejections (node:internal/process/task_queues:95:5)
2023-06-13T13:56:00.523Z error: ReferenceError: Instructor is not defined
    at exports.addStudent (C:\Users\hagbi\Desktop\suduku\new\back\controllers\student.controllers\add.js:23:7)
    at process.processTicksAndRejections (node:internal/process/task_queues:95:5)
2023-06-13T17:50:30.582Z error: ReferenceError: Instructor is not defined
    at exports.addStudent (C:\Users\hagbi\Desktop\suduku\new\back\controllers\student.controllers\add.js:23:7)
    at process.processTicksAndRejections (node:internal/process/task_queues:95:5)
2023-06-13T17:57:08.454Z error: ReferenceError: Instructor is not defined
    at exports.addStudent (C:\Users\hagbi\Desktop\suduku\new\back\controllers\student.controllers\add.js:23:7)
    at process.processTicksAndRejections (node:internal/process/task_queues:95:5)
2023-06-13T17:59:32.218Z error: ReferenceError: Instructor is not defined
    at exports.addStudent (C:\Users\hagbi\Desktop\suduku\new\back\controllers\student.controllers\add.js:23:7)
    at process.processTicksAndRejections (node:internal/process/task_queues:95:5)
2023-06-13T18:06:46.697Z error: ReferenceError: Instructor is not defined
    at exports.addStudent (C:\Users\hagbi\Desktop\suduku\new\back\controllers\student.controllers\add.js:23:7)
    at process.processTicksAndRejections (node:internal/process/task_queues:95:5)
2023-06-13T18:11:57.809Z error: ReferenceError: Instructor is not defined
    at exports.addStudent (C:\Users\hagbi\Desktop\suduku\new\back\controllers\student.controllers\add.js:23:7)
    at process.processTicksAndRejections (node:internal/process/task_queues:95:5)
2023-06-13T19:08:17.338Z error: ReferenceError: Instructor is not defined
    at exports.addStudent (C:\Users\hagbi\Desktop\suduku\new\back\controllers\student.controllers\add.js:23:7)
    at process.processTicksAndRejections (node:internal/process/task_queues:95:5)
2023-06-14T11:41:06.862Z error: Error connecting to MongoDB: MongooseServerSelectionError: Could not connect to any servers in your MongoDB Atlas cluster. One common reason is that you're trying to access the database from an IP that isn't whitelisted. Make sure your current IP address is on your Atlas cluster's IP whitelist: https://www.mongodb.com/docs/atlas/security-whitelist/
2023-06-14T11:46:03.247Z error: MongooseError: Operation `regions.find()` buffering timed out after 10000ms
    at Timeout.<anonymous> (C:\Users\hagbi\Desktop\suduku\new\back\node_modules\mongoose\lib\drivers\node-mongodb-native\collection.js:185:23)
    at listOnTimeout (node:internal/timers:569:17)
    at process.processTimers (node:internal/timers:512:7)
2023-06-14T11:46:13.266Z error: MongooseError: Operation `regions.find()` buffering timed out after 10000ms
    at Timeout.<anonymous> (C:\Users\hagbi\Desktop\suduku\new\back\node_modules\mongoose\lib\drivers\node-mongodb-native\collection.js:185:23)
    at listOnTimeout (node:internal/timers:569:17)
    at process.processTimers (node:internal/timers:512:7)
2023-06-14T11:46:15.494Z error: MongooseError: Operation `regions.find()` buffering timed out after 10000ms
    at Timeout.<anonymous> (C:\Users\hagbi\Desktop\suduku\new\back\node_modules\mongoose\lib\drivers\node-mongodb-native\collection.js:185:23)
    at listOnTimeout (node:internal/timers:569:17)
    at process.processTimers (node:internal/timers:512:7)
2023-06-14T11:46:25.504Z error: MongooseError: Operation `regions.find()` buffering timed out after 10000ms
    at Timeout.<anonymous> (C:\Users\hagbi\Desktop\suduku\new\back\node_modules\mongoose\lib\drivers\node-mongodb-native\collection.js:185:23)
    at listOnTimeout (node:internal/timers:569:17)
    at process.processTimers (node:internal/timers:512:7)
2023-06-14T11:46:35.519Z error: MongooseError: Operation `regions.find()` buffering timed out after 10000ms
    at Timeout.<anonymous> (C:\Users\hagbi\Desktop\suduku\new\back\node_modules\mongoose\lib\drivers\node-mongodb-native\collection.js:185:23)
    at listOnTimeout (node:internal/timers:569:17)
    at process.processTimers (node:internal/timers:512:7)
2023-06-14T11:46:45.549Z error: MongooseError: Operation `regions.find()` buffering timed out after 10000ms
    at Timeout.<anonymous> (C:\Users\hagbi\Desktop\suduku\new\back\node_modules\mongoose\lib\drivers\node-mongodb-native\collection.js:185:23)
    at listOnTimeout (node:internal/timers:569:17)
    at process.processTimers (node:internal/timers:512:7)
2023-06-14T11:46:48.759Z error: MongooseError: Operation `regions.find()` buffering timed out after 10000ms
    at Timeout.<anonymous> (C:\Users\hagbi\Desktop\suduku\new\back\node_modules\mongoose\lib\drivers\node-mongodb-native\collection.js:185:23)
    at listOnTimeout (node:internal/timers:569:17)
    at process.processTimers (node:internal/timers:512:7)
2023-06-14T11:46:58.769Z error: MongooseError: Operation `regions.find()` buffering timed out after 10000ms
    at Timeout.<anonymous> (C:\Users\hagbi\Desktop\suduku\new\back\node_modules\mongoose\lib\drivers\node-mongodb-native\collection.js:185:23)
    at listOnTimeout (node:internal/timers:569:17)
    at process.processTimers (node:internal/timers:512:7)
2023-06-14T11:47:37.342Z error: MongooseError: Operation `regions.find()` buffering timed out after 10000ms
    at Timeout.<anonymous> (C:\Users\hagbi\Desktop\suduku\new\back\node_modules\mongoose\lib\drivers\node-mongodb-native\collection.js:185:23)
    at listOnTimeout (node:internal/timers:569:17)
    at process.processTimers (node:internal/timers:512:7)
2023-06-14T11:47:47.365Z error: MongooseError: Operation `regions.find()` buffering timed out after 10000ms
    at Timeout.<anonymous> (C:\Users\hagbi\Desktop\suduku\new\back\node_modules\mongoose\lib\drivers\node-mongodb-native\collection.js:185:23)
    at listOnTimeout (node:internal/timers:569:17)
    at process.processTimers (node:internal/timers:512:7)
2023-06-14T11:50:07.462Z error: MongooseError: Operation `regions.find()` buffering timed out after 10000ms
    at Timeout.<anonymous> (C:\Users\hagbi\Desktop\suduku\new\back\node_modules\mongoose\lib\drivers\node-mongodb-native\collection.js:185:23)
    at listOnTimeout (node:internal/timers:569:17)
    at process.processTimers (node:internal/timers:512:7)
2023-06-14T11:50:10.216Z error: MongooseError: Operation `regions.find()` buffering timed out after 10000ms
    at Timeout.<anonymous> (C:\Users\hagbi\Desktop\suduku\new\back\node_modules\mongoose\lib\drivers\node-mongodb-native\collection.js:185:23)
    at listOnTimeout (node:internal/timers:569:17)
    at process.processTimers (node:internal/timers:512:7)
2023-06-14T11:50:20.239Z error: MongooseError: Operation `regions.find()` buffering timed out after 10000ms
    at Timeout.<anonymous> (C:\Users\hagbi\Desktop\suduku\new\back\node_modules\mongoose\lib\drivers\node-mongodb-native\collection.js:185:23)
    at listOnTimeout (node:internal/timers:569:17)
    at process.processTimers (node:internal/timers:512:7)
2023-06-14T11:50:23.592Z error: MongooseError: Operation `regions.find()` buffering timed out after 10000ms
    at Timeout.<anonymous> (C:\Users\hagbi\Desktop\suduku\new\back\node_modules\mongoose\lib\drivers\node-mongodb-native\collection.js:185:23)
    at listOnTimeout (node:internal/timers:569:17)
    at process.processTimers (node:internal/timers:512:7)
2023-06-14T11:50:33.607Z error: MongooseError: Operation `regions.find()` buffering timed out after 10000ms
    at Timeout.<anonymous> (C:\Users\hagbi\Desktop\suduku\new\back\node_modules\mongoose\lib\drivers\node-mongodb-native\collection.js:185:23)
    at listOnTimeout (node:internal/timers:569:17)
    at process.processTimers (node:internal/timers:512:7)
2023-06-14T12:02:21.402Z error: MongooseError: Operation `regions.find()` buffering timed out after 10000ms
    at Timeout.<anonymous> (C:\Users\hagbi\Desktop\suduku\new\back\node_modules\mongoose\lib\drivers\node-mongodb-native\collection.js:185:23)
    at listOnTimeout (node:internal/timers:569:17)
    at process.processTimers (node:internal/timers:512:7)
2023-06-14T12:02:31.418Z error: MongooseError: Operation `regions.find()` buffering timed out after 10000ms
    at Timeout.<anonymous> (C:\Users\hagbi\Desktop\suduku\new\back\node_modules\mongoose\lib\drivers\node-mongodb-native\collection.js:185:23)
    at listOnTimeout (node:internal/timers:569:17)
    at process.processTimers (node:internal/timers:512:7)
2023-06-14T12:02:33.299Z error: MongooseError: Operation `students.find()` buffering timed out after 10000ms
    at Timeout.<anonymous> (C:\Users\hagbi\Desktop\suduku\new\back\node_modules\mongoose\lib\drivers\node-mongodb-native\collection.js:185:23)
    at listOnTimeout (node:internal/timers:569:17)
    at process.processTimers (node:internal/timers:512:7)
2023-06-14T12:02:43.312Z error: MongooseError: Operation `students.find()` buffering timed out after 10000ms
    at Timeout.<anonymous> (C:\Users\hagbi\Desktop\suduku\new\back\node_modules\mongoose\lib\drivers\node-mongodb-native\collection.js:185:23)
    at listOnTimeout (node:internal/timers:569:17)
    at process.processTimers (node:internal/timers:512:7)
2023-06-14T12:07:48.441Z error: MongooseError: Operation `regions.find()` buffering timed out after 10000ms
    at Timeout.<anonymous> (C:\Users\hagbi\Desktop\suduku\new\back\node_modules\mongoose\lib\drivers\node-mongodb-native\collection.js:185:23)
    at listOnTimeout (node:internal/timers:569:17)
    at process.processTimers (node:internal/timers:512:7)
2023-06-14T12:07:58.448Z error: MongooseError: Operation `regions.find()` buffering timed out after 10000ms
    at Timeout.<anonymous> (C:\Users\hagbi\Desktop\suduku\new\back\node_modules\mongoose\lib\drivers\node-mongodb-native\collection.js:185:23)
    at listOnTimeout (node:internal/timers:569:17)
    at process.processTimers (node:internal/timers:512:7)
2023-06-14T12:08:38.796Z error: Error connecting to MongoDB: MongooseServerSelectionError: Could not connect to any servers in your MongoDB Atlas cluster. One common reason is that you're trying to access the database from an IP that isn't whitelisted. Make sure your current IP address is on your Atlas cluster's IP whitelist: https://www.mongodb.com/docs/atlas/security-whitelist/
2023-06-15T12:46:36.939Z error: Error connecting to MongoDB: MongooseServerSelectionError: Could not connect to any servers in your MongoDB Atlas cluster. One common reason is that you're trying to access the database from an IP that isn't whitelisted. Make sure your current IP address is on your Atlas cluster's IP whitelist: https://www.mongodb.com/docs/atlas/security-whitelist/
2023-06-16T17:07:38.548Z error: Error connecting to MongoDB: Error: querySrv ECONNREFUSED _mongodb._tcp.cluster0.3aprqan.mongodb.net
2023-06-16T17:08:10.561Z error: MongooseError: Operation `students.find()` buffering timed out after 10000ms
    at Timeout.<anonymous> (C:\Users\hagbi\Desktop\suduku\new\back\node_modules\mongoose\lib\drivers\node-mongodb-native\collection.js:185:23)
    at listOnTimeout (node:internal/timers:569:17)
    at process.processTimers (node:internal/timers:512:7)
2023-06-16T17:08:20.598Z error: MongooseError: Operation `students.find()` buffering timed out after 10000ms
    at Timeout.<anonymous> (C:\Users\hagbi\Desktop\suduku\new\back\node_modules\mongoose\lib\drivers\node-mongodb-native\collection.js:185:23)
    at listOnTimeout (node:internal/timers:569:17)
    at process.processTimers (node:internal/timers:512:7)
2023-06-16T17:09:25.396Z error: Error connecting to MongoDB: Error: querySrv ECONNREFUSED _mongodb._tcp.cluster0.3aprqan.mongodb.net
2023-06-16T17:13:58.355Z error: Error connecting to MongoDB: Error: querySrv ECONNREFUSED _mongodb._tcp.cluster0.3aprqan.mongodb.net
2023-06-16T20:53:01.821Z error: Error connecting to MongoDB: Error: querySrv ECONNREFUSED _mongodb._tcp.cluster0.3aprqan.mongodb.net
2023-06-16T20:54:34.089Z error: Error connecting to MongoDB: Error: querySrv ECONNREFUSED _mongodb._tcp.cluster0.3aprqan.mongodb.net
2023-06-16T20:58:51.563Z error: Error connecting to MongoDB: Error: querySrv ECONNREFUSED _mongodb._tcp.cluster0.3aprqan.mongodb.net
2023-06-16T20:59:16.522Z error: Error connecting to MongoDB: Error: querySrv ECONNREFUSED _mongodb._tcp.cluster0.3aprqan.mongodb.net
2023-06-16T20:59:37.155Z error: MongooseError: Operation `regions.find()` buffering timed out after 10000ms
    at Timeout.<anonymous> (C:\Users\hagbi\Desktop\suduku\new\back\node_modules\mongoose\lib\drivers\node-mongodb-native\collection.js:185:23)
    at listOnTimeout (node:internal/timers:569:17)
    at process.processTimers (node:internal/timers:512:7)
2023-06-16T20:59:47.170Z error: MongooseError: Operation `regions.find()` buffering timed out after 10000ms
    at Timeout.<anonymous> (C:\Users\hagbi\Desktop\suduku\new\back\node_modules\mongoose\lib\drivers\node-mongodb-native\collection.js:185:23)
    at listOnTimeout (node:internal/timers:569:17)
    at process.processTimers (node:internal/timers:512:7)
2023-06-16T21:02:13.190Z error: Error connecting to MongoDB: MongooseServerSelectionError: Could not connect to any servers in your MongoDB Atlas cluster. One common reason is that you're trying to access the database from an IP that isn't whitelisted. Make sure your current IP address is on your Atlas cluster's IP whitelist: https://www.mongodb.com/docs/atlas/security-whitelist/
2023-06-16T21:45:39.235Z error: Error connecting to MongoDB: Error: querySrv ECONNREFUSED _mongodb._tcp.cluster0.3aprqan.mongodb.net
2023-06-16T21:45:51.554Z error: Error connecting to MongoDB: Error: querySrv ECONNREFUSED _mongodb._tcp.cluster0.3aprqan.mongodb.net
2023-06-16T21:47:34.185Z error: Error connecting to MongoDB: Error: querySrv ECONNREFUSED _mongodb._tcp.cluster0.3aprqan.mongodb.net
2023-06-16T21:47:44.475Z error: MongooseError: Operation `students.find()` buffering timed out after 10000ms
    at Timeout.<anonymous> (C:\Users\hagbi\Desktop\suduku\new\back\node_modules\mongoose\lib\drivers\node-mongodb-native\collection.js:185:23)
    at listOnTimeout (node:internal/timers:569:17)
    at process.processTimers (node:internal/timers:512:7)
2023-06-16T23:03:12.808Z error: MongoServerSelectionError: connect ETIMEDOUT 52.45.87.45:27017
    at Timeout._onTimeout (C:\Users\hagbi\Desktop\suduku\new\back\node_modules\mongodb\lib\sdam\topology.js:278:38)
    at listOnTimeout (node:internal/timers:569:17)
    at process.processTimers (node:internal/timers:512:7)
2023-06-16T23:03:12.810Z error: MongoServerSelectionError: connect ETIMEDOUT 52.45.87.45:27017
    at Timeout._onTimeout (C:\Users\hagbi\Desktop\suduku\new\back\node_modules\mongodb\lib\sdam\topology.js:278:38)
    at listOnTimeout (node:internal/timers:569:17)
    at process.processTimers (node:internal/timers:512:7)
2023-06-16T23:03:32.810Z error: MongoServerSelectionError: connect ETIMEDOUT 52.45.87.45:27017
    at Timeout._onTimeout (C:\Users\hagbi\Desktop\suduku\new\back\node_modules\mongodb\lib\sdam\topology.js:278:38)
    at listOnTimeout (node:internal/timers:569:17)
    at process.processTimers (node:internal/timers:512:7)
2023-06-16T23:03:32.813Z error: MongoServerSelectionError: connect ETIMEDOUT 52.45.87.45:27017
    at Timeout._onTimeout (C:\Users\hagbi\Desktop\suduku\new\back\node_modules\mongodb\lib\sdam\topology.js:278:38)
    at listOnTimeout (node:internal/timers:569:17)
    at process.processTimers (node:internal/timers:512:7)
2023-06-16T23:32:18.095Z error: MongoServerSelectionError: connection <monitor> to 52.45.87.45:27017 closed
    at Timeout._onTimeout (C:\Users\hagbi\Desktop\suduku\new\back\node_modules\mongodb\lib\sdam\topology.js:278:38)
    at listOnTimeout (node:internal/timers:569:17)
    at process.processTimers (node:internal/timers:512:7)
2023-06-16T23:32:18.098Z error: MongoServerSelectionError: connection <monitor> to 52.45.87.45:27017 closed
    at Timeout._onTimeout (C:\Users\hagbi\Desktop\suduku\new\back\node_modules\mongodb\lib\sdam\topology.js:278:38)
    at listOnTimeout (node:internal/timers:569:17)
    at process.processTimers (node:internal/timers:512:7)
2023-06-16T23:32:38.099Z error: MongoServerSelectionError: connection <monitor> to 52.45.87.45:27017 closed
    at Timeout._onTimeout (C:\Users\hagbi\Desktop\suduku\new\back\node_modules\mongodb\lib\sdam\topology.js:278:38)
    at listOnTimeout (node:internal/timers:569:17)
    at process.processTimers (node:internal/timers:512:7)
2023-06-16T23:32:38.115Z error: MongoServerSelectionError: connection <monitor> to 52.45.87.45:27017 closed
    at Timeout._onTimeout (C:\Users\hagbi\Desktop\suduku\new\back\node_modules\mongodb\lib\sdam\topology.js:278:38)
    at listOnTimeout (node:internal/timers:569:17)
    at process.processTimers (node:internal/timers:512:7)
2023-06-16T23:33:18.943Z error: MongooseError: Operation `students.find()` buffering timed out after 10000ms
    at Timeout.<anonymous> (C:\Users\hagbi\Desktop\suduku\new\back\node_modules\mongoose\lib\drivers\node-mongodb-native\collection.js:185:23)
    at listOnTimeout (node:internal/timers:569:17)
    at process.processTimers (node:internal/timers:512:7)
2023-06-16T23:33:18.947Z error: MongooseError: Operation `regions.find()` buffering timed out after 10000ms
    at Timeout.<anonymous> (C:\Users\hagbi\Desktop\suduku\new\back\node_modules\mongoose\lib\drivers\node-mongodb-native\collection.js:185:23)
    at listOnTimeout (node:internal/timers:569:17)
    at process.processTimers (node:internal/timers:512:7)
2023-06-16T23:33:28.954Z error: MongooseError: Operation `students.find()` buffering timed out after 10000ms
    at Timeout.<anonymous> (C:\Users\hagbi\Desktop\suduku\new\back\node_modules\mongoose\lib\drivers\node-mongodb-native\collection.js:185:23)
    at listOnTimeout (node:internal/timers:569:17)
    at process.processTimers (node:internal/timers:512:7)
2023-06-16T23:33:28.958Z error: MongooseError: Operation `regions.find()` buffering timed out after 10000ms
    at Timeout.<anonymous> (C:\Users\hagbi\Desktop\suduku\new\back\node_modules\mongoose\lib\drivers\node-mongodb-native\collection.js:185:23)
    at listOnTimeout (node:internal/timers:569:17)
    at process.processTimers (node:internal/timers:512:7)
2023-06-16T23:33:37.235Z error: MongooseError: Operation `students.find()` buffering timed out after 10000ms
    at Timeout.<anonymous> (C:\Users\hagbi\Desktop\suduku\new\back\node_modules\mongoose\lib\drivers\node-mongodb-native\collection.js:185:23)
    at listOnTimeout (node:internal/timers:569:17)
    at process.processTimers (node:internal/timers:512:7)
2023-06-16T23:33:37.237Z error: MongooseError: Operation `regions.find()` buffering timed out after 10000ms
    at Timeout.<anonymous> (C:\Users\hagbi\Desktop\suduku\new\back\node_modules\mongoose\lib\drivers\node-mongodb-native\collection.js:185:23)
    at listOnTimeout (node:internal/timers:569:17)
    at process.processTimers (node:internal/timers:512:7)
2023-06-16T23:33:39.503Z error: Error connecting to MongoDB: MongooseServerSelectionError: Could not connect to any servers in your MongoDB Atlas cluster. One common reason is that you're trying to access the database from an IP that isn't whitelisted. Make sure your current IP address is on your Atlas cluster's IP whitelist: https://www.mongodb.com/docs/atlas/security-whitelist/
2023-06-16T23:33:47.252Z error: MongooseError: Operation `students.find()` buffering timed out after 10000ms
    at Timeout.<anonymous> (C:\Users\hagbi\Desktop\suduku\new\back\node_modules\mongoose\lib\drivers\node-mongodb-native\collection.js:185:23)
    at listOnTimeout (node:internal/timers:569:17)
    at process.processTimers (node:internal/timers:512:7)
2023-06-16T23:33:47.254Z error: MongooseError: Operation `regions.find()` buffering timed out after 10000ms
    at Timeout.<anonymous> (C:\Users\hagbi\Desktop\suduku\new\back\node_modules\mongoose\lib\drivers\node-mongodb-native\collection.js:185:23)
    at listOnTimeout (node:internal/timers:569:17)
    at process.processTimers (node:internal/timers:512:7)
2023-06-17T00:35:35.737Z error: MongoServerSelectionError: connect ETIMEDOUT 3.216.180.50:27017
    at Timeout._onTimeout (C:\Users\hagbi\Desktop\suduku\new\back\node_modules\mongodb\lib\sdam\topology.js:278:38)
    at listOnTimeout (node:internal/timers:569:17)
    at process.processTimers (node:internal/timers:512:7)
2023-06-17T00:35:55.733Z error: MongoServerSelectionError: connect ETIMEDOUT 3.216.180.50:27017
    at Timeout._onTimeout (C:\Users\hagbi\Desktop\suduku\new\back\node_modules\mongodb\lib\sdam\topology.js:278:38)
    at listOnTimeout (node:internal/timers:569:17)
    at process.processTimers (node:internal/timers:512:7)
2023-06-17T00:37:09.186Z error: MongooseError: Operation `students.find()` buffering timed out after 10000ms
    at Timeout.<anonymous> (C:\Users\hagbi\Desktop\suduku\new\back\node_modules\mongoose\lib\drivers\node-mongodb-native\collection.js:185:23)
    at listOnTimeout (node:internal/timers:569:17)
    at process.processTimers (node:internal/timers:512:7)
2023-06-17T00:37:19.214Z error: MongooseError: Operation `students.find()` buffering timed out after 10000ms
    at Timeout.<anonymous> (C:\Users\hagbi\Desktop\suduku\new\back\node_modules\mongoose\lib\drivers\node-mongodb-native\collection.js:185:23)
    at listOnTimeout (node:internal/timers:569:17)
    at process.processTimers (node:internal/timers:512:7)
2023-06-17T00:37:22.253Z error: MongooseError: Operation `students.find()` buffering timed out after 10000ms
    at Timeout.<anonymous> (C:\Users\hagbi\Desktop\suduku\new\back\node_modules\mongoose\lib\drivers\node-mongodb-native\collection.js:185:23)
    at listOnTimeout (node:internal/timers:569:17)
    at process.processTimers (node:internal/timers:512:7)
2023-06-17T00:37:30.097Z error: Error connecting to MongoDB: MongooseServerSelectionError: Could not connect to any servers in your MongoDB Atlas cluster. One common reason is that you're trying to access the database from an IP that isn't whitelisted. Make sure your current IP address is on your Atlas cluster's IP whitelist: https://www.mongodb.com/docs/atlas/security-whitelist/
2023-06-17T00:37:32.284Z error: MongooseError: Operation `students.find()` buffering timed out after 10000ms
    at Timeout.<anonymous> (C:\Users\hagbi\Desktop\suduku\new\back\node_modules\mongoose\lib\drivers\node-mongodb-native\collection.js:185:23)
    at listOnTimeout (node:internal/timers:569:17)
    at process.processTimers (node:internal/timers:512:7)
2023-06-17T00:41:04.897Z error: Error connecting to MongoDB: MongooseServerSelectionError: Could not connect to any servers in your MongoDB Atlas cluster. One common reason is that you're trying to access the database from an IP that isn't whitelisted. Make sure your current IP address is on your Atlas cluster's IP whitelist: https://www.mongodb.com/docs/atlas/security-whitelist/
